{"level":"info","message":"Test Case Started : @API getUsers"}
{"level":"info","message":"Test Case Started : Connect to Postgres DB"}
{"level":"info","message":"Test Case Completed : Connect to Postgres DB Status : failed"}
{"level":"info","message":"Test Case Started : @API postUsers"}
{"level":"info","message":"Test Case Started : Verify My Personal Information."}
{"level":"info","message":"Test Case Started : @Smoke Verify Follow Us Facebook new window."}
{"level":"info","message":"Test Case Completed : @API postUsers Status : failed"}
{"level":"info","message":"Test Case Completed : @API getUsers Status : failed"}
{"level":"info","message":"Test Case Started : Generate and verify HAR file for Personal Information."}
{"level":"info","message":"Test Case Started : Login to PHP travels."}
{"level":"info","message":"Test Case Completed : Verify My Personal Information. Status : timedOut"}
{"level":"info","message":"Test Case Completed : @Smoke Verify Follow Us Facebook new window. Status : timedOut"}
{"level":"info","message":"Test Case Started : @Smoke Verify My Address Details"}
{"level":"info","message":"Test Case Started : @Smoke Verify My Personal Information."}
{"level":"info","message":"Executing Step : Navigate to Application"}
{"level":"info","message":"Executing Step : Login to Application"}
{"level":"info","message":"Test Case Completed : Generate and verify HAR file for Personal Information. Status : timedOut"}
{"level":"info","message":"Test Case Completed : Login to PHP travels. Status : timedOut"}
{"level":"info","message":"Test Case Started : @API getUsers"}
{"level":"info","message":"Test Case Started : Verify User Login."}
{"level":"info","message":"Test Case Completed : @API getUsers Status : failed"}
{"level":"info","message":"Test Case Started : @API postUsers"}
{"level":"info","message":"Test Case Completed : @API postUsers Status : failed"}
{"level":"info","message":"Test Case Started : Connect to Postgres DB"}
{"level":"info","message":"Test Case Completed : Connect to Postgres DB Status : failed"}
{"level":"info","message":"Test Case Started : Verify My Personal Information."}
{"level":"info","message":"Test Case Completed : @Smoke Verify My Address Details Status : timedOut"}
{"level":"info","message":"Test Case Completed : @Smoke Verify My Personal Information. Status : timedOut"}
{"level":"info","message":"Test Case Started : Generate and verify HAR file for Personal Information."}
{"level":"info","message":"Test Case Started : @Smoke Verify Follow Us Facebook new window."}
{"level":"info","message":"Test Case Completed : Verify User Login. Status : timedOut"}
{"level":"info","message":"Test Case Started : Login to PHP travels."}
{"level":"info","message":"Test Case Completed : Verify My Personal Information. Status : timedOut"}
{"level":"info","message":"Test Case Started : @Smoke Verify My Address Details"}
{"level":"info","message":"Executing Step : Navigate to Application"}
{"level":"info","message":"Executing Step : Login to Application"}
{"level":"info","message":"Test Case Completed : Generate and verify HAR file for Personal Information. Status : timedOut"}
{"level":"info","message":"Test Case Completed : @Smoke Verify Follow Us Facebook new window. Status : timedOut"}
{"level":"info","message":"Test Case Started : Verify User Login."}
{"level":"info","message":"Test Case Started : @Smoke Verify My Personal Information."}
{"level":"info","message":"Test Case Completed : Login to PHP travels. Status : timedOut"}
{"level":"info","message":"Test Case Started : @API getUsers"}
{"level":"info","message":"Test Case Completed : @API getUsers Status : failed"}
{"level":"info","message":"Test Case Completed : @Smoke Verify My Address Details Status : timedOut"}
{"level":"info","message":"Test Case Started : @API postUsers"}
{"level":"info","message":"Test Case Started : Connect to Postgres DB"}
{"level":"info","message":"Test Case Completed : Connect to Postgres DB Status : failed"}
{"level":"info","message":"Test Case Started : Verify My Personal Information."}
{"level":"info","message":"Test Case Completed : @API postUsers Status : failed"}
{"level":"info","message":"Test Case Started : @Smoke Verify Follow Us Facebook new window."}
{"level":"info","message":"Test Case Completed : Verify My Personal Information. Status : timedOut"}
{"level":"info","message":"Test Case Completed : @Smoke Verify Follow Us Facebook new window. Status : timedOut"}
{"level":"info","message":"Test Case Started : Generate and verify HAR file for Personal Information."}
{"level":"info","message":"Test Case Started : Login to PHP travels."}
{"level":"info","message":"Test Case Completed : Verify User Login. Status : timedOut"}
{"level":"info","message":"Test Case Completed : @Smoke Verify My Personal Information. Status : timedOut"}
{"level":"info","message":"Test Case Started : @Smoke Verify My Personal Information."}
{"level":"info","message":"Test Case Started : @Smoke Verify My Address Details"}
{"level":"info","message":"Executing Step : Navigate to Application"}
{"level":"info","message":"Executing Step : Login to Application"}
{"level":"info","message":"Test Case Completed : Generate and verify HAR file for Personal Information. Status : timedOut"}
{"level":"info","message":"Test Case Completed : Login to PHP travels. Status : timedOut"}
{"level":"info","message":"Test Case Started : @API getUsers"}
{"level":"info","message":"Test Case Started : Verify User Login."}
{"level":"info","message":"Test Case Completed : @API getUsers Status : failed"}
{"level":"info","message":"Test Case Started : @API postUsers"}
{"level":"info","message":"Test Case Completed : @Smoke Verify My Personal Information. Status : timedOut"}
{"level":"info","message":"Test Case Completed : @Smoke Verify My Address Details Status : timedOut"}
{"level":"info","message":"Test Case Started : Connect to Postgres DB"}
{"level":"info","message":"Test Case Completed : Connect to Postgres DB Status : failed"}
{"level":"info","message":"Test Case Started : Verify My Personal Information."}
{"level":"info","message":"Test Case Completed : Verify My Personal Information. Status : failed"}
{"level":"info","message":"Test Case Started : @Smoke Verify Follow Us Facebook new window."}
{"level":"info","message":"Test Case Completed : @Smoke Verify Follow Us Facebook new window. Status : failed"}
{"level":"info","message":"Test Case Started : Generate and verify HAR file for Personal Information."}
{"level":"info","message":"Test Case Completed : Generate and verify HAR file for Personal Information. Status : failed"}
{"level":"info","message":"Test Case Started : Login to PHP travels."}
{"level":"info","message":"Test Case Completed : Login to PHP travels. Status : failed"}
{"level":"info","message":"Test Case Completed : @API postUsers Status : failed"}
{"level":"info","message":"Test Case Started : @Smoke Verify My Address Details"}
{"level":"info","message":"Test Case Completed : @Smoke Verify My Address Details Status : failed"}
{"level":"info","message":"Test Case Started : @Smoke Verify My Personal Information."}
{"level":"info","message":"Test Case Completed : @Smoke Verify My Personal Information. Status : failed"}
{"level":"info","message":"Test Case Started : @API getUsers"}
{"level":"info","message":"Test Case Started : Verify User Login."}
{"level":"info","message":"Test Case Completed : Verify User Login. Status : failed"}
{"level":"info","message":"Test Case Started : @API postUsers"}
{"level":"info","message":"Test Case Started : Connect to Postgres DB"}
{"level":"info","message":"Test Case Completed : Connect to Postgres DB Status : failed"}
{"level":"info","message":"Test Case Started : Verify My Personal Information."}
{"level":"info","message":"Test Case Completed : @API getUsers Status : failed"}
{"level":"info","message":"Test Case Completed : @API postUsers Status : failed"}
{"level":"info","message":"Test Case Started : @Smoke Verify Follow Us Facebook new window."}
{"level":"info","message":"Test Case Started : Generate and verify HAR file for Personal Information."}
{"level":"info","message":"Test Case Completed : Verify User Login. Status : timedOut"}
{"level":"info","message":"Test Case Started : Login to PHP travels."}
{"level":"info","message":"Test Case Completed : Generate and verify HAR file for Personal Information. Status : timedOut"}
{"level":"info","message":"Test Case Completed : Verify My Personal Information. Status : timedOut"}
{"level":"info","message":"Test Case Completed : @Smoke Verify Follow Us Facebook new window. Status : timedOut"}
{"level":"info","message":"Test Case Started : Verify User Login."}
{"level":"info","message":"Test Case Started : @Smoke Verify My Personal Information."}
{"level":"info","message":"Test Case Started : @Smoke Verify My Address Details"}
{"level":"info","message":"Executing Step : Navigate to Application"}
{"level":"info","message":"Executing Step : Login to Application"}
{"level":"info","message":"Test Case Completed : Login to PHP travels. Status : timedOut"}
{"level":"info","message":"Test Case Started : @API getUsers"}
{"level":"info","message":"Test Case Completed : @API getUsers Status : failed"}
{"level":"info","message":"Test Case Started : @API postUsers"}
{"level":"info","message":"Test Case Completed : @API postUsers Status : failed"}
{"level":"info","message":"Test Case Completed : @Smoke Verify My Personal Information. Status : timedOut"}
{"level":"info","message":"Test Case Completed : Verify User Login. Status : timedOut"}
{"level":"info","message":"Test Case Completed : @Smoke Verify My Address Details Status : timedOut"}
{"level":"info","message":"Test Case Started : Connect to Postgres DB"}
{"level":"info","message":"Test Case Completed : Connect to Postgres DB Status : failed"}
{"level":"info","message":"Test Case Started : Verify My Personal Information."}
{"level":"info","message":"Test Case Started : @Smoke Verify Follow Us Facebook new window."}
{"level":"info","message":"Test Case Started : Generate and verify HAR file for Personal Information."}
{"level":"info","message":"Test Case Started : Login to PHP travels."}
{"level":"info","message":"Test Case Completed : Verify My Personal Information. Status : timedOut"}
{"level":"info","message":"Test Case Completed : Login to PHP travels. Status : timedOut"}
{"level":"info","message":"Test Case Completed : Generate and verify HAR file for Personal Information. Status : timedOut"}
{"level":"info","message":"Test Case Completed : @Smoke Verify Follow Us Facebook new window. Status : timedOut"}
{"level":"info","message":"Test Case Started : @API getUsers"}
{"level":"info","message":"Test Case Completed : @API getUsers Status : failed"}
{"level":"info","message":"Test Case Started : Verify User Login."}
{"level":"info","message":"Test Case Started : @Smoke Verify My Personal Information."}
{"level":"info","message":"Test Case Started : @Smoke Verify My Address Details"}
{"level":"info","message":"Test Case Started : @API postUsers"}
{"level":"info","message":"Test Case Completed : @API postUsers Status : failed"}
{"level":"info","message":"Executing Step : Navigate to Application"}
{"level":"info","message":"Executing Step : Login to Application"}
{"level":"info","message":"Test Case Started : Connect to Postgres DB"}
{"level":"info","message":"Test Case Completed : Connect to Postgres DB Status : failed"}
{"level":"info","message":"Test Case Started : Verify My Personal Information."}
{"level":"info","message":"Test Case Completed : Verify My Personal Information. Status : failed"}
{"level":"info","message":"Test Case Started : @Smoke Verify Follow Us Facebook new window."}
{"level":"info","message":"Test Case Completed : @Smoke Verify Follow Us Facebook new window. Status : failed"}
{"level":"info","message":"Test Case Started : Generate and verify HAR file for Personal Information."}
{"level":"info","message":"Test Case Completed : Generate and verify HAR file for Personal Information. Status : failed"}
{"level":"info","message":"Test Case Started : Login to PHP travels."}
{"level":"info","message":"Test Case Completed : Login to PHP travels. Status : failed"}
{"level":"info","message":"Test Case Started : @Smoke Verify My Address Details"}
{"level":"info","message":"Executing Step : Navigate to Application"}
{"level":"info","message":"Executing Step : Login to Application"}
{"level":"info","message":"Test Case Completed : @Smoke Verify My Address Details Status : failed"}
{"level":"info","message":"Test Case Started : @Smoke Verify My Personal Information."}
{"level":"info","message":"Test Case Completed : @Smoke Verify My Personal Information. Status : failed"}
{"level":"info","message":"Test Case Started : Verify User Login."}
{"level":"info","message":"Test Case Completed : Verify User Login. Status : failed"}
{"level":"info","message":"Test Case Started : @API getUsers"}
{"level":"info","message":"Test Case Completed : @API getUsers Status : failed"}
{"level":"info","message":"Test Case Started : @API postUsers"}
{"level":"info","message":"Test Case Completed : @API postUsers Status : failed"}
{"level":"info","message":"Test Case Started : Connect to Postgres DB"}
{"level":"info","message":"Test Case Completed : Connect to Postgres DB Status : failed"}
{"level":"info","message":"Test Case Started : Verify My Personal Information."}
{"level":"info","message":"Test Case Completed : Verify My Personal Information. Status : timedOut"}
{"level":"info","message":"Test Case Started : @Smoke Verify Follow Us Facebook new window."}
{"level":"info","message":"Test Case Completed : @Smoke Verify My Personal Information. Status : timedOut"}
{"level":"info","message":"Test Case Completed : Verify User Login. Status : timedOut"}
{"level":"info","message":"Test Case Completed : @Smoke Verify My Address Details Status : timedOut"}
{"level":"info","message":"Test Case Started : Generate and verify HAR file for Personal Information."}
{"level":"info","message":"Test Case Started : Login to PHP travels."}
{"level":"info","message":"Test Case Started : @Smoke Verify My Address Details"}
{"level":"info","message":"Executing Step : Navigate to Application"}
{"level":"info","message":"Executing Step : Login to Application"}
{"level":"info","message":"Test Case Completed : @Smoke Verify Follow Us Facebook new window. Status : timedOut"}
{"level":"info","message":"Test Case Started : @Smoke Verify My Personal Information."}
{"level":"info","message":"Test Case Completed : Login to PHP travels. Status : timedOut"}
{"level":"info","message":"Test Case Completed : Generate and verify HAR file for Personal Information. Status : timedOut"}
{"level":"info","message":"Test Case Completed : @Smoke Verify My Address Details Status : timedOut"}
{"level":"info","message":"Test Case Started : Verify User Login."}
{"level":"info","message":"Test Case Completed : @Smoke Verify My Personal Information. Status : timedOut"}
{"level":"info","message":"Test Case Completed : Verify User Login. Status : timedOut"}
{"level":"error","message":"File not found: /Users/gaurabhchakraborty/Documents/playwright-typescript-boilerplate/html-report"}
{"level":"info","message":"Test Case Started : Login to PHP travels."}
{"level":"info","message":"Test Case Started : Generate and verify HAR file for Personal Information."}
{"level":"info","message":"Test Case Completed : Generate and verify HAR file for Personal Information. Status : timedOut"}
{"level":"info","message":"Test Case Completed : Login to PHP travels. Status : timedOut"}
{"level":"info","message":"Test Case Started : Generate and verify HAR file for Personal Information."}
{"level":"info","message":"Test Case Started : Login to PHP travels."}
{"level":"info","message":"Test Case Completed : Login to PHP travels. Status : timedOut"}
{"level":"info","message":"Test Case Completed : Generate and verify HAR file for Personal Information. Status : timedOut"}
{"level":"info","message":"Test Case Started : Generate and verify HAR file for Personal Information."}
{"level":"info","message":"Test Case Started : Login to PHP travels."}
{"level":"info","message":"Test Case Started : Login to PHP travels."}
{"level":"info","message":"Test Case Started : Generate and verify HAR file for Personal Information."}
{"level":"info","message":"Test Case Completed : Generate and verify HAR file for Personal Information. Status : interrupted"}
{"level":"info","message":"Test Case Completed : Login to PHP travels. Status : interrupted"}
{"level":"info","message":"Test Case Completed : Generate and verify HAR file for Personal Information. Status : interrupted"}
{"level":"info","message":"Test Case Completed : Login to PHP travels. Status : interrupted"}
{"level":"info","message":"Test Case Started : Generate and verify HAR file for Personal Information."}
{"level":"info","message":"Test Case Started : Getting started"}
{"level":"info","message":"Test Case Completed : Generate and verify HAR file for Personal Information. Status : failed"}
{"level":"info","message":"Test Case Completed : Getting started Status : failed"}
{"level":"info","message":"Test Case Started : Getting started"}
{"level":"info","message":"Test Case Started : Generate and verify HAR file for Personal Information."}
{"level":"info","message":"Test Case Completed : Generate and verify HAR file for Personal Information. Status : failed"}
{"level":"info","message":"Test Case Completed : Getting started Status : failed"}
{"level":"info","message":"Test Case Started : Generate and verify HAR file for Personal Information."}
{"level":"info","message":"Test Case Started : Getting started"}
{"level":"info","message":"Test Case Completed : Generate and verify HAR file for Personal Information. Status : failed"}
{"level":"info","message":"Test Case Completed : Getting started Status : failed"}
{"level":"info","message":"Test Case Started : Generate and verify HAR file for Personal Information."}
{"level":"info","message":"Test Case Started : Getting started"}
{"level":"info","message":"Test Case Completed : Generate and verify HAR file for Personal Information. Status : failed"}
{"level":"info","message":"Test Case Completed : Getting started Status : failed"}
{"level":"info","message":"Test Case Started : Getting started"}
{"level":"info","message":"Test Case Started : Generate and verify HAR file for Personal Information."}
{"level":"info","message":"Test Case Completed : Generate and verify HAR file for Personal Information. Status : failed"}
{"level":"info","message":"Test Case Completed : Getting started Status : failed"}
{"level":"info","message":"Test Case Started : Generate and verify HAR file for Personal Information."}
{"level":"info","message":"Test Case Started : Getting started"}
{"level":"info","message":"Test Case Completed : Generate and verify HAR file for Personal Information. Status : failed"}
{"level":"info","message":"Test Case Completed : Getting started Status : failed"}
{"level":"info","message":"Test Case Started : Getting started"}
{"level":"info","message":"Test Case Started : Generate and verify HAR file for Personal Information."}
{"level":"info","message":"Test Case Completed : Generate and verify HAR file for Personal Information. Status : failed"}
{"level":"info","message":"Test Case Completed : Getting started Status : failed"}
{"level":"info","message":"Test Case Started : Generate and verify HAR file for Personal Information."}
{"level":"info","message":"Test Case Started : Getting started"}
{"level":"info","message":"Test Case Completed : Generate and verify HAR file for Personal Information. Status : failed"}
{"level":"info","message":"Test Case Completed : Getting started Status : timedOut"}
{"level":"info","message":"Test Case Started : Getting started"}
{"level":"info","message":"Test Case Started : Generate and verify HAR file for Personal Information."}
{"level":"info","message":"Test Case Completed : Generate and verify HAR file for Personal Information. Status : failed"}
{"level":"info","message":"Test Case Completed : Getting started Status : timedOut"}
{"level":"info","message":"Test Case Started : Getting started"}
{"level":"info","message":"Test Case Started : Generate and verify HAR file for Personal Information."}
{"level":"info","message":"Test Case Completed : Generate and verify HAR file for Personal Information. Status : failed"}
{"level":"info","message":"Test Case Completed : Getting started Status : passed"}
{"level":"info","message":"Test Case Started : Generate and verify HAR file for Personal Information."}
{"level":"info","message":"Test Case Started : Getting started"}
{"level":"info","message":"Test Case Completed : Generate and verify HAR file for Personal Information. Status : failed"}
{"level":"info","message":"Test Case Completed : Getting started Status : passed"}
{"level":"info","message":"Test Case Started : Getting started"}
{"level":"info","message":"Test Case Started : Generate and verify HAR file for Personal Information."}
{"level":"info","message":"Test Case Completed : Generate and verify HAR file for Personal Information. Status : failed"}
{"level":"info","message":"Test Case Completed : Getting started Status : passed"}
{"level":"info","message":"Test Case Started : Generate and verify HAR file for Personal Information."}
{"level":"info","message":"Test Case Started : Getting started"}
{"level":"info","message":"Test Case Completed : Generate and verify HAR file for Personal Information. Status : failed"}
{"level":"info","message":"Test Case Completed : Getting started Status : passed"}
{"level":"info","message":"Test Case Started : Getting started"}
{"level":"info","message":"Test Case Started : Generate and verify HAR file for Personal Information."}
{"level":"info","message":"Test Case Completed : Generate and verify HAR file for Personal Information. Status : failed"}
{"level":"info","message":"Test Case Completed : Getting started Status : passed"}
{"level":"error","message":"/Users/krithikj/playwright-typescript-boilerplate/lib/BaseTest.ts: Unexpected token (1:0)\n\n\u001b[0m\u001b[31m\u001b[1m>\u001b[22m\u001b[39m\u001b[90m 1 |\u001b[39m \u001b[33m<<\u001b[39m\u001b[33m<<\u001b[39m\u001b[33m<<\u001b[39m\u001b[33m<\u001b[39m \u001b[33mHEAD\u001b[39m\u001b[0m\n\u001b[0m \u001b[90m   |\u001b[39m \u001b[31m\u001b[1m^\u001b[22m\u001b[39m\u001b[0m\n\u001b[0m \u001b[90m 2 |\u001b[39m \u001b[36mimport\u001b[39m { test \u001b[36mas\u001b[39m baseTest } \u001b[36mfrom\u001b[39m \u001b[32m\"@playwright/test\"\u001b[39m\u001b[33m;\u001b[39m\u001b[0m\n\u001b[0m \u001b[90m 3 |\u001b[39m \u001b[36mimport\u001b[39m { \u001b[33mLoginPage\u001b[39m } \u001b[36mfrom\u001b[39m \u001b[32m\"@pages/LoginPage\"\u001b[39m\u001b[33m;\u001b[39m\u001b[0m\n\u001b[0m \u001b[90m 4 |\u001b[39m \u001b[36mimport\u001b[39m { \u001b[33mMyAccountPage\u001b[39m } \u001b[36mfrom\u001b[39m \u001b[32m\"@pages/MyAccountPage\"\u001b[39m\u001b[33m;\u001b[39m\u001b[0m"}
{"level":"error","message":"/Users/krithikj/playwright-typescript-boilerplate/lib/BaseTest.ts: Unexpected token (1:0)\n\n\u001b[0m\u001b[31m\u001b[1m>\u001b[22m\u001b[39m\u001b[90m 1 |\u001b[39m \u001b[33m<<\u001b[39m\u001b[33m<<\u001b[39m\u001b[33m<<\u001b[39m\u001b[33m<\u001b[39m \u001b[33mHEAD\u001b[39m\u001b[0m\n\u001b[0m \u001b[90m   |\u001b[39m \u001b[31m\u001b[1m^\u001b[22m\u001b[39m\u001b[0m\n\u001b[0m \u001b[90m 2 |\u001b[39m \u001b[36mimport\u001b[39m { test \u001b[36mas\u001b[39m baseTest } \u001b[36mfrom\u001b[39m \u001b[32m\"@playwright/test\"\u001b[39m\u001b[33m;\u001b[39m\u001b[0m\n\u001b[0m \u001b[90m 3 |\u001b[39m \u001b[36mimport\u001b[39m { \u001b[33mLoginPage\u001b[39m } \u001b[36mfrom\u001b[39m \u001b[32m\"@pages/LoginPage\"\u001b[39m\u001b[33m;\u001b[39m\u001b[0m\n\u001b[0m \u001b[90m 4 |\u001b[39m \u001b[36mimport\u001b[39m { \u001b[33mMyAccountPage\u001b[39m } \u001b[36mfrom\u001b[39m \u001b[32m\"@pages/MyAccountPage\"\u001b[39m\u001b[33m;\u001b[39m\u001b[0m"}
{"level":"error","message":"=================\n no tests found.\n================="}
{"level":"error","message":"/Users/krithikj/playwright-typescript-boilerplate/lib/BaseTest.ts: Unexpected token (1:0)\n\n\u001b[0m\u001b[31m\u001b[1m>\u001b[22m\u001b[39m\u001b[90m 1 |\u001b[39m \u001b[33m<<\u001b[39m\u001b[33m<<\u001b[39m\u001b[33m<<\u001b[39m\u001b[33m<\u001b[39m \u001b[33mHEAD\u001b[39m\u001b[0m\n\u001b[0m \u001b[90m   |\u001b[39m \u001b[31m\u001b[1m^\u001b[22m\u001b[39m\u001b[0m\n\u001b[0m \u001b[90m 2 |\u001b[39m \u001b[36mimport\u001b[39m { test \u001b[36mas\u001b[39m baseTest } \u001b[36mfrom\u001b[39m \u001b[32m\"@playwright/test\"\u001b[39m\u001b[33m;\u001b[39m\u001b[0m\n\u001b[0m \u001b[90m 3 |\u001b[39m \u001b[36mimport\u001b[39m { \u001b[33mLoginPage\u001b[39m } \u001b[36mfrom\u001b[39m \u001b[32m\"@pages/LoginPage\"\u001b[39m\u001b[33m;\u001b[39m\u001b[0m\n\u001b[0m \u001b[90m 4 |\u001b[39m \u001b[36mimport\u001b[39m { \u001b[33mMyAccountPage\u001b[39m } \u001b[36mfrom\u001b[39m \u001b[32m\"@pages/MyAccountPage\"\u001b[39m\u001b[33m;\u001b[39m\u001b[0m"}
{"level":"error","message":"/Users/krithikj/playwright-typescript-boilerplate/lib/BaseTest.ts: Unexpected token (1:0)\n\n\u001b[0m\u001b[31m\u001b[1m>\u001b[22m\u001b[39m\u001b[90m 1 |\u001b[39m \u001b[33m<<\u001b[39m\u001b[33m<<\u001b[39m\u001b[33m<<\u001b[39m\u001b[33m<\u001b[39m \u001b[33mHEAD\u001b[39m\u001b[0m\n\u001b[0m \u001b[90m   |\u001b[39m \u001b[31m\u001b[1m^\u001b[22m\u001b[39m\u001b[0m\n\u001b[0m \u001b[90m 2 |\u001b[39m \u001b[36mimport\u001b[39m { test \u001b[36mas\u001b[39m baseTest } \u001b[36mfrom\u001b[39m \u001b[32m\"@playwright/test\"\u001b[39m\u001b[33m;\u001b[39m\u001b[0m\n\u001b[0m \u001b[90m 3 |\u001b[39m \u001b[36mimport\u001b[39m { \u001b[33mLoginPage\u001b[39m } \u001b[36mfrom\u001b[39m \u001b[32m\"@pages/LoginPage\"\u001b[39m\u001b[33m;\u001b[39m\u001b[0m\n\u001b[0m \u001b[90m 4 |\u001b[39m \u001b[36mimport\u001b[39m { \u001b[33mMyAccountPage\u001b[39m } \u001b[36mfrom\u001b[39m \u001b[32m\"@pages/MyAccountPage\"\u001b[39m\u001b[33m;\u001b[39m\u001b[0m"}
{"level":"error","message":"=================\n no tests found.\n================="}
{"level":"error","message":"/Users/krithikj/playwright-typescript-boilerplate/lib/BaseTest.ts: Unexpected token (1:0)\n\n\u001b[0m\u001b[31m\u001b[1m>\u001b[22m\u001b[39m\u001b[90m 1 |\u001b[39m \u001b[33m<<\u001b[39m\u001b[33m<<\u001b[39m\u001b[33m<<\u001b[39m\u001b[33m<\u001b[39m \u001b[33mHEAD\u001b[39m\u001b[0m\n\u001b[0m \u001b[90m   |\u001b[39m \u001b[31m\u001b[1m^\u001b[22m\u001b[39m\u001b[0m\n\u001b[0m \u001b[90m 2 |\u001b[39m \u001b[36mimport\u001b[39m { test \u001b[36mas\u001b[39m baseTest } \u001b[36mfrom\u001b[39m \u001b[32m\"@playwright/test\"\u001b[39m\u001b[33m;\u001b[39m\u001b[0m\n\u001b[0m \u001b[90m 3 |\u001b[39m \u001b[36mimport\u001b[39m { \u001b[33mLoginPage\u001b[39m } \u001b[36mfrom\u001b[39m \u001b[32m\"@pages/LoginPage\"\u001b[39m\u001b[33m;\u001b[39m\u001b[0m\n\u001b[0m \u001b[90m 4 |\u001b[39m \u001b[36mimport\u001b[39m { \u001b[33mMyAccountPage\u001b[39m } \u001b[36mfrom\u001b[39m \u001b[32m\"@pages/MyAccountPage\"\u001b[39m\u001b[33m;\u001b[39m\u001b[0m"}
{"level":"error","message":"/Users/krithikj/playwright-typescript-boilerplate/lib/BaseTest.ts: Unexpected token (1:0)\n\n\u001b[0m\u001b[31m\u001b[1m>\u001b[22m\u001b[39m\u001b[90m 1 |\u001b[39m \u001b[33m<<\u001b[39m\u001b[33m<<\u001b[39m\u001b[33m<<\u001b[39m\u001b[33m<\u001b[39m \u001b[33mHEAD\u001b[39m\u001b[0m\n\u001b[0m \u001b[90m   |\u001b[39m \u001b[31m\u001b[1m^\u001b[22m\u001b[39m\u001b[0m\n\u001b[0m \u001b[90m 2 |\u001b[39m \u001b[36mimport\u001b[39m { test \u001b[36mas\u001b[39m baseTest } \u001b[36mfrom\u001b[39m \u001b[32m\"@playwright/test\"\u001b[39m\u001b[33m;\u001b[39m\u001b[0m\n\u001b[0m \u001b[90m 3 |\u001b[39m \u001b[36mimport\u001b[39m { \u001b[33mLoginPage\u001b[39m } \u001b[36mfrom\u001b[39m \u001b[32m\"@pages/LoginPage\"\u001b[39m\u001b[33m;\u001b[39m\u001b[0m\n\u001b[0m \u001b[90m 4 |\u001b[39m \u001b[36mimport\u001b[39m { \u001b[33mMyAccountPage\u001b[39m } \u001b[36mfrom\u001b[39m \u001b[32m\"@pages/MyAccountPage\"\u001b[39m\u001b[33m;\u001b[39m\u001b[0m"}
{"level":"error","message":"=================\n no tests found.\n================="}
